[0726/141429.613:ERROR:audio_rtp_receiver.cc(89)] AudioRtpReceiver::OnSetVolume: No audio channel exists.
[0726/141429.619:WARNING:used_ids.h(55)] Duplicate id found. Reassigning from 104 to 127
[0726/141429.619:WARNING:used_ids.h(55)] Duplicate id found. Reassigning from 102 to 125
[0726/141429.619:WARNING:used_ids.h(55)] Duplicate id found. Reassigning from 104 to 124
[0726/141429.619:WARNING:used_ids.h(55)] Duplicate id found. Reassigning from 106 to 123
[0726/141429.619:WARNING:used_ids.h(55)] Duplicate id found. Reassigning from 103 to 122
[0726/141429.619:WARNING:used_ids.h(55)] Duplicate id found. Reassigning from 105 to 121
[0726/141429.619:WARNING:used_ids.h(55)] Duplicate id found. Reassigning from 109 to 120
[0726/141429.620:WARNING:used_ids.h(55)] Duplicate id found. Reassigning from 1 to 14
[0726/141429.620:WARNING:used_ids.h(55)] Duplicate id found. Reassigning from 3 to 13
[0726/141429.620:WARNING:used_ids.h(55)] Duplicate id found. Reassigning from 5 to 12
[0726/141429.620:WARNING:used_ids.h(55)] Duplicate id found. Reassigning from 6 to 11
[0726/141435.975:ERROR:audio_rtp_receiver.cc(89)] AudioRtpReceiver::OnSetVolume: No audio channel exists.
[0726/141435.976:WARNING:used_ids.h(55)] Duplicate id found. Reassigning from 104 to 127
[0726/141435.976:WARNING:used_ids.h(55)] Duplicate id found. Reassigning from 102 to 125
[0726/141435.976:WARNING:used_ids.h(55)] Duplicate id found. Reassigning from 104 to 124
[0726/141435.976:WARNING:used_ids.h(55)] Duplicate id found. Reassigning from 106 to 123
[0726/141435.976:WARNING:used_ids.h(55)] Duplicate id found. Reassigning from 103 to 122
[0726/141435.976:WARNING:used_ids.h(55)] Duplicate id found. Reassigning from 105 to 121
[0726/141435.976:WARNING:used_ids.h(55)] Duplicate id found. Reassigning from 109 to 120
[0726/141435.976:WARNING:used_ids.h(55)] Duplicate id found. Reassigning from 1 to 14
[0726/141435.976:WARNING:used_ids.h(55)] Duplicate id found. Reassigning from 3 to 13
[0726/141435.976:WARNING:used_ids.h(55)] Duplicate id found. Reassigning from 5 to 12
[0726/141435.976:WARNING:used_ids.h(55)] Duplicate id found. Reassigning from 6 to 11
[0726/141440.288:ERROR:batching_media_log.cc(38)] MediaEvent: {"error":"FFmpegDemuxer: no supported streams"}
[0726/141440.288:ERROR:batching_media_log.cc(35)] MediaEvent: {"pipeline_error":14}
[0726/141440.295:ERROR:batching_media_log.cc(38)] MediaEvent: {"error":"FFmpegDemuxer: no supported streams"}
[0726/141440.295:ERROR:batching_media_log.cc(35)] MediaEvent: {"pipeline_error":14}
[0728/143604.920:WARNING:spdy_session.cc(3365)] Received HEADERS for invalid stream 35
[0728/143605.005:ERROR:batching_media_log.cc(38)] MediaEvent: {"error":"FFmpegDemuxer: no supported streams"}
[0728/143605.005:ERROR:batching_media_log.cc(38)] MediaEvent: {"error":"FFmpegDemuxer: no supported streams"}
[0728/143605.005:ERROR:batching_media_log.cc(35)] MediaEvent: {"pipeline_error":14}
[0728/143605.005:ERROR:batching_media_log.cc(35)] MediaEvent: {"pipeline_error":14}
[0728/143605.024:WARNING:spdy_session.cc(3365)] Received HEADERS for invalid stream 37
[0728/143605.042:WARNING:spdy_session.cc(3365)] Received HEADERS for invalid stream 39
[0729/174200.048:ERROR:batching_media_log.cc(38)] MediaEvent: {"error":"FFmpegDemuxer: no supported streams"}
[0729/174200.058:ERROR:batching_media_log.cc(38)] MediaEvent: {"error":"FFmpegDemuxer: no supported streams"}
[0729/174200.068:ERROR:batching_media_log.cc(35)] MediaEvent: {"pipeline_error":14}
[0729/174200.069:ERROR:batching_media_log.cc(35)] MediaEvent: {"pipeline_error":14}
[0729/174200.095:WARNING:spdy_session.cc(3365)] Received HEADERS for invalid stream 43
[0729/211614.503:WARNING:gpu_process_host.cc(1230)] The GPU process has crashed 1 time(s)
